{
  "0 debug pnpm:scope": {
    "selected": 1
  },
  "1 error pnpm": {
    "code": "ELIFECYCLE",
    "errno": "ENOENT",
    "syscall": "spawn",
    "file": "sh",
    "pkgid": "go2index-theme-acrou@2.0.8",
    "stage": "build",
    "script": "vue-cli-service build",
    "pkgname": "go2index-theme-acrou",
    "err": {
      "name": "Error",
      "message": "go2index-theme-acrou@2.0.8 build: `vue-cli-service build`\nspawn ENOENT",
      "code": "ELIFECYCLE",
      "stack": "Error: go2index-theme-acrou@2.0.8 build: `vue-cli-service build`\nspawn ENOENT\n    at ChildProcess.<anonymous> (/usr/local/lib/node_modules/pnpm/dist/pnpm.cjs:92406:22)\n    at ChildProcess.emit (events.js:375:28)\n    at maybeClose (internal/child_process.js:1055:16)\n    at Process.ChildProcess._handle.onexit (internal/child_process.js:288:5)"
    }
  }
}